
> juyi-chr-website@1.0.0 build
> next build

   Linting and checking validity of types...
   Creating an optimized production build...
Failed to compile.

./pages/index.js
Error: 
  [31mx[0m Unexpected token. Did you mean `{'}'}` or `&rbrace;`?
     ,-[[36;1;4m/Users/sheng.yu/juyi-website/pages/index.js[0m:313:1]
 [2m313[0m | 
 [2m314[0m |       
 [2m315[0m |   );
 [2m316[0m | }
     : [31;1m^[0m
     `----

  [31mx[0m Unexpected eof
     ,-[[36;1;4m/Users/sheng.yu/juyi-website/pages/index.js[0m:314:1]
 [2m314[0m |       
 [2m315[0m |   );
 [2m316[0m | }
     `----

Caused by:
    Syntax Error

Import trace for requested module:
./pages/index.js


> Build failed because of webpack errors
